app/build/intermediates/manifest_merge_blame_file/debug/manifest-merger-blame-debug-report.txt
1<?xml version="1.0" encoding="utf-8"?>
2<manifest xmlns:android="http://schemas.android.com/apk/res/android"
3    package="com.example.squirrelwarehouse"
4    android:versionCode="1"
5    android:versionName="1.0" >
6
7    <uses-sdk
8        android:minSdkVersion="28"
8-->src\main\AndroidManifest.xml
9        android:targetSdkVersion="30" />
9-->src\main\AndroidManifest.xml
10
11    <!-- Include required permissions for Google Maps API to run. -->
12    <uses-permission android:name="android.permission.ACCESS_NETWORK_STATE" />
12-->[com.google.android.gms:play-services-maps:17.0.0] AndroidManifest.xml:23:5-79
12-->[com.google.android.gms:play-services-maps:17.0.0] AndroidManifest.xml:23:22-76
13    <uses-permission android:name="android.permission.INTERNET" />
13-->[com.google.android.gms:play-services-maps:17.0.0] AndroidManifest.xml:24:5-67
13-->[com.google.android.gms:play-services-maps:17.0.0] AndroidManifest.xml:24:22-64
14
15    <uses-feature
15-->[com.google.android.gms:play-services-maps:17.0.0] AndroidManifest.xml:26:5-28:35
16        android:glEsVersion="0x00020000"
16-->[com.google.android.gms:play-services-maps:17.0.0] AndroidManifest.xml:27:9-41
17        android:required="true" />
17-->[com.google.android.gms:play-services-maps:17.0.0] AndroidManifest.xml:28:9-32
18
19    <application
19-->src\main\AndroidManifest.xml:5:5-20:19
20        android:allowBackup="true"
20-->src\main\AndroidManifest.xml:6:9-35
21        android:appComponentFactory="androidx.core.app.CoreComponentFactory"
21-->[androidx.core:core:1.3.2] AndroidManifest.xml:24:18-86
22        android:debuggable="true"
23        android:extractNativeLibs="false"
24        android:icon="@mipmap/ic_launcher"
24-->src\main\AndroidManifest.xml:7:9-43
25        android:label="@string/app_name"
25-->src\main\AndroidManifest.xml:8:9-41
26        android:roundIcon="@mipmap/ic_launcher_round"
26-->src\main\AndroidManifest.xml:9:9-54
27        android:supportsRtl="true"
27-->src\main\AndroidManifest.xml:10:9-35
28        android:testOnly="true"
29        android:theme="@style/Theme.SquirrelWarehouse" >
29-->src\main\AndroidManifest.xml:11:9-55
30        <activity android:name="com.example.squirrelwarehouse.SetLocationInformationActivity" />
30-->src\main\AndroidManifest.xml:12:9-77
30-->src\main\AndroidManifest.xml:12:19-65
31        <activity android:name="com.example.squirrelwarehouse.MainActivity" >
31-->src\main\AndroidManifest.xml:13:9-19:20
31-->src\main\AndroidManifest.xml:13:19-47
32            <intent-filter>
32-->src\main\AndroidManifest.xml:14:13-18:29
33                <action android:name="android.intent.action.MAIN" />
33-->src\main\AndroidManifest.xml:15:17-69
33-->src\main\AndroidManifest.xml:15:25-66
34
35                <category android:name="android.intent.category.LAUNCHER" />
35-->src\main\AndroidManifest.xml:17:17-77
35-->src\main\AndroidManifest.xml:17:27-74
36            </intent-filter>
37        </activity>
38
39        <service
39-->[com.google.firebase:firebase-auth-ktx:20.0.1] AndroidManifest.xml:8:9-14:19
40            android:name="com.google.firebase.components.ComponentDiscoveryService"
40-->[com.google.firebase:firebase-auth-ktx:20.0.1] AndroidManifest.xml:9:13-84
41            android:directBootAware="true"
41-->[com.google.firebase:firebase-common:19.5.0] AndroidManifest.xml:35:13-43
42            android:exported="false" >
42-->[com.google.firebase:firebase-auth-ktx:20.0.1] AndroidManifest.xml:10:13-37
43            <meta-data
43-->[com.google.firebase:firebase-auth-ktx:20.0.1] AndroidManifest.xml:11:13-13:85
44                android:name="com.google.firebase.components:com.google.firebase.auth.ktx.FirebaseAuthKtxRegistrar"
44-->[com.google.firebase:firebase-auth-ktx:20.0.1] AndroidManifest.xml:12:17-116
45                android:value="com.google.firebase.components.ComponentRegistrar" />
45-->[com.google.firebase:firebase-auth-ktx:20.0.1] AndroidManifest.xml:13:17-82
46            <meta-data
46-->[com.google.firebase:firebase-common-ktx:19.5.0] AndroidManifest.xml:15:13-17:85
47                android:name="com.google.firebase.components:com.google.firebase.ktx.FirebaseCommonKtxRegistrar"
47-->[com.google.firebase:firebase-common-ktx:19.5.0] AndroidManifest.xml:16:17-113
48                android:value="com.google.firebase.components.ComponentRegistrar" />
48-->[com.google.firebase:firebase-common-ktx:19.5.0] AndroidManifest.xml:17:17-82
49            <meta-data
49-->[com.google.firebase:firebase-auth:20.0.1] AndroidManifest.xml:77:13-79:85
50                android:name="com.google.firebase.components:com.google.firebase.auth.FirebaseAuthRegistrar"
50-->[com.google.firebase:firebase-auth:20.0.1] AndroidManifest.xml:78:17-109
51                android:value="com.google.firebase.components.ComponentRegistrar" />
51-->[com.google.firebase:firebase-auth:20.0.1] AndroidManifest.xml:79:17-82
52            <!--
53                This registrar is not defined in the dynamic-module-support sdk itself to allow non-firebase
54                clients to use it as well, by defining this registrar in their own core/common library.
55            -->
56            <meta-data
56-->[com.google.firebase:firebase-common:19.5.0] AndroidManifest.xml:43:13-45:85
57                android:name="com.google.firebase.components:com.google.firebase.dynamicloading.DynamicLoadingRegistrar"
57-->[com.google.firebase:firebase-common:19.5.0] AndroidManifest.xml:44:17-121
58                android:value="com.google.firebase.components.ComponentRegistrar" />
58-->[com.google.firebase:firebase-common:19.5.0] AndroidManifest.xml:45:17-82
59        </service> <!-- Needs to be explicitly declared on P+ -->
60        <uses-library
60-->[com.google.android.gms:play-services-maps:17.0.0] AndroidManifest.xml:33:9-35:40
61            android:name="org.apache.http.legacy"
61-->[com.google.android.gms:play-services-maps:17.0.0] AndroidManifest.xml:34:13-50
62            android:required="false" />
62-->[com.google.android.gms:play-services-maps:17.0.0] AndroidManifest.xml:35:13-37
63
64        <activity
64-->[com.google.android.gms:play-services-auth:19.0.0] AndroidManifest.xml:23:9-27:75
65            android:name="com.google.android.gms.auth.api.signin.internal.SignInHubActivity"
65-->[com.google.android.gms:play-services-auth:19.0.0] AndroidManifest.xml:24:13-93
66            android:excludeFromRecents="true"
66-->[com.google.android.gms:play-services-auth:19.0.0] AndroidManifest.xml:25:13-46
67            android:exported="false"
67-->[com.google.android.gms:play-services-auth:19.0.0] AndroidManifest.xml:26:13-37
68            android:theme="@android:style/Theme.Translucent.NoTitleBar" />
68-->[com.google.android.gms:play-services-auth:19.0.0] AndroidManifest.xml:27:13-72
69        <!--
70            Service handling Google Sign-In user revocation. For apps that do not integrate with
71            Google Sign-In, this service will never be started.
72        -->
73        <service
73-->[com.google.android.gms:play-services-auth:19.0.0] AndroidManifest.xml:33:9-37:51
74            android:name="com.google.android.gms.auth.api.signin.RevocationBoundService"
74-->[com.google.android.gms:play-services-auth:19.0.0] AndroidManifest.xml:34:13-89
75            android:exported="true"
75-->[com.google.android.gms:play-services-auth:19.0.0] AndroidManifest.xml:35:13-36
76            android:permission="com.google.android.gms.auth.api.signin.permission.REVOCATION_NOTIFICATION"
76-->[com.google.android.gms:play-services-auth:19.0.0] AndroidManifest.xml:36:13-107
77            android:visibleToInstantApps="true" />
77-->[com.google.android.gms:play-services-auth:19.0.0] AndroidManifest.xml:37:13-48
78
79        <activity
79-->[com.google.firebase:firebase-auth:20.0.1] AndroidManifest.xml:27:9-44:20
80            android:name="com.google.firebase.auth.internal.GenericIdpActivity"
80-->[com.google.firebase:firebase-auth:20.0.1] AndroidManifest.xml:28:13-80
81            android:excludeFromRecents="true"
81-->[com.google.firebase:firebase-auth:20.0.1] AndroidManifest.xml:29:13-46
82            android:exported="true"
82-->[com.google.firebase:firebase-auth:20.0.1] AndroidManifest.xml:30:13-36
83            android:launchMode="singleTask"
83-->[com.google.firebase:firebase-auth:20.0.1] AndroidManifest.xml:31:13-44
84            android:theme="@android:style/Theme.Translucent.NoTitleBar" >
84-->[com.google.firebase:firebase-auth:20.0.1] AndroidManifest.xml:32:13-72
85            <intent-filter>
85-->[com.google.firebase:firebase-auth:20.0.1] AndroidManifest.xml:33:13-43:29
86                <action android:name="android.intent.action.VIEW" />
86-->[com.google.firebase:firebase-auth:20.0.1] AndroidManifest.xml:34:17-69
86-->[com.google.firebase:firebase-auth:20.0.1] AndroidManifest.xml:34:25-66
87
88                <category android:name="android.intent.category.DEFAULT" />
88-->[com.google.firebase:firebase-auth:20.0.1] AndroidManifest.xml:36:17-76
88-->[com.google.firebase:firebase-auth:20.0.1] AndroidManifest.xml:36:27-73
89                <category android:name="android.intent.category.BROWSABLE" />
89-->[com.google.firebase:firebase-auth:20.0.1] AndroidManifest.xml:37:17-78
89-->[com.google.firebase:firebase-auth:20.0.1] AndroidManifest.xml:37:27-75
90
91                <data
91-->[com.google.firebase:firebase-auth:20.0.1] AndroidManifest.xml:39:17-42:51
92                    android:host="firebase.auth"
92-->[com.google.firebase:firebase-auth:20.0.1] AndroidManifest.xml:40:21-49
93                    android:path="/"
93-->[com.google.firebase:firebase-auth:20.0.1] AndroidManifest.xml:41:21-37
94                    android:scheme="genericidp" />
94-->[com.google.firebase:firebase-auth:20.0.1] AndroidManifest.xml:42:21-48
95            </intent-filter>
96        </activity>
97        <activity
97-->[com.google.firebase:firebase-auth:20.0.1] AndroidManifest.xml:45:9-62:20
98            android:name="com.google.firebase.auth.internal.RecaptchaActivity"
98-->[com.google.firebase:firebase-auth:20.0.1] AndroidManifest.xml:46:13-79
99            android:excludeFromRecents="true"
99-->[com.google.firebase:firebase-auth:20.0.1] AndroidManifest.xml:47:13-46
100            android:exported="true"
100-->[com.google.firebase:firebase-auth:20.0.1] AndroidManifest.xml:48:13-36
101            android:launchMode="singleTask"
101-->[com.google.firebase:firebase-auth:20.0.1] AndroidManifest.xml:49:13-44
102            android:theme="@android:style/Theme.Translucent.NoTitleBar" >
102-->[com.google.firebase:firebase-auth:20.0.1] AndroidManifest.xml:50:13-72
103            <intent-filter>
103-->[com.google.firebase:firebase-auth:20.0.1] AndroidManifest.xml:51:13-61:29
104                <action android:name="android.intent.action.VIEW" />
104-->[com.google.firebase:firebase-auth:20.0.1] AndroidManifest.xml:34:17-69
104-->[com.google.firebase:firebase-auth:20.0.1] AndroidManifest.xml:34:25-66
105
106                <category android:name="android.intent.category.DEFAULT" />
106-->[com.google.firebase:firebase-auth:20.0.1] AndroidManifest.xml:36:17-76
106-->[com.google.firebase:firebase-auth:20.0.1] AndroidManifest.xml:36:27-73
107                <category android:name="android.intent.category.BROWSABLE" />
107-->[com.google.firebase:firebase-auth:20.0.1] AndroidManifest.xml:37:17-78
107-->[com.google.firebase:firebase-auth:20.0.1] AndroidManifest.xml:37:27-75
108
109                <data
109-->[com.google.firebase:firebase-auth:20.0.1] AndroidManifest.xml:39:17-42:51
110                    android:host="firebase.auth"
110-->[com.google.firebase:firebase-auth:20.0.1] AndroidManifest.xml:40:21-49
111                    android:path="/"
111-->[com.google.firebase:firebase-auth:20.0.1] AndroidManifest.xml:41:21-37
112                    android:scheme="recaptcha" />
112-->[com.google.firebase:firebase-auth:20.0.1] AndroidManifest.xml:42:21-48
113            </intent-filter>
114        </activity>
115
116        <service
116-->[com.google.firebase:firebase-auth:20.0.1] AndroidManifest.xml:64:9-73:19
117            android:name="com.google.firebase.auth.api.fallback.service.FirebaseAuthFallbackService"
117-->[com.google.firebase:firebase-auth:20.0.1] AndroidManifest.xml:65:13-101
118            android:enabled="true"
118-->[com.google.firebase:firebase-auth:20.0.1] AndroidManifest.xml:66:13-35
119            android:exported="false" >
119-->[com.google.firebase:firebase-auth:20.0.1] AndroidManifest.xml:67:13-37
120            <intent-filter>
120-->[com.google.firebase:firebase-auth:20.0.1] AndroidManifest.xml:68:13-72:29
121                <action android:name="com.google.firebase.auth.api.gms.service.START" />
121-->[com.google.firebase:firebase-auth:20.0.1] AndroidManifest.xml:69:17-89
121-->[com.google.firebase:firebase-auth:20.0.1] AndroidManifest.xml:69:25-86
122
123                <category android:name="android.intent.category.DEFAULT" />
123-->[com.google.firebase:firebase-auth:20.0.1] AndroidManifest.xml:36:17-76
123-->[com.google.firebase:firebase-auth:20.0.1] AndroidManifest.xml:36:27-73
124            </intent-filter>
125        </service>
126
127        <provider
127-->[com.google.firebase:firebase-common:19.5.0] AndroidManifest.xml:26:9-31:39
128            android:name="com.google.firebase.provider.FirebaseInitProvider"
128-->[com.google.firebase:firebase-common:19.5.0] AndroidManifest.xml:27:13-77
129            android:authorities="com.example.squirrelwarehouse.firebaseinitprovider"
129-->[com.google.firebase:firebase-common:19.5.0] AndroidManifest.xml:28:13-72
130            android:directBootAware="true"
130-->[com.google.firebase:firebase-common:19.5.0] AndroidManifest.xml:29:13-43
131            android:exported="false"
131-->[com.google.firebase:firebase-common:19.5.0] AndroidManifest.xml:30:13-37
132            android:initOrder="100" />
132-->[com.google.firebase:firebase-common:19.5.0] AndroidManifest.xml:31:13-36
133
134        <activity
134-->[com.google.android.gms:play-services-base:17.1.0] AndroidManifest.xml:23:9-26:75
135            android:name="com.google.android.gms.common.api.GoogleApiActivity"
135-->[com.google.android.gms:play-services-base:17.1.0] AndroidManifest.xml:24:13-79
136            android:exported="false"
136-->[com.google.android.gms:play-services-base:17.1.0] AndroidManifest.xml:25:13-37
137            android:theme="@android:style/Theme.Translucent.NoTitleBar" />
137-->[com.google.android.gms:play-services-base:17.1.0] AndroidManifest.xml:26:13-72
138
139        <meta-data
139-->[com.google.android.gms:play-services-basement:17.1.1] AndroidManifest.xml:23:9-25:69
140            android:name="com.google.android.gms.version"
140-->[com.google.android.gms:play-services-basement:17.1.1] AndroidManifest.xml:24:13-58
141            android:value="@integer/google_play_services_version" />
141-->[com.google.android.gms:play-services-basement:17.1.1] AndroidManifest.xml:25:13-66
142    </application>
143
144</manifest>